<?xml version="1.0" encoding="UTF-8"?>
<!-- Generated by org.testng.reporters.JUnitXMLReporter -->
<testsuite ignored="0" hostname="Vicky" failures="1" tests="1" name="Chrome Test" time="86.499" errors="0" timestamp="2026-07-06T14:08:37 IST">
  <testcase classname="ophc.Sprint_2_Negative" name="registerPageNegativeTest" time="86.24">
    <failure type="org.openqa.selenium.ElementClickInterceptedException" message="element click intercepted: Element &amp;lt;button _ngcontent-ng-c200120771=&amp;quot;&amp;quot; type=&amp;quot;button&amp;quot; class=&amp;quot;btn text-white&amp;quot; disabled=&amp;quot;&amp;quot;&amp;gt;...&amp;lt;/button&amp;gt; is not clickable at point (364, 580). Other element would receive the click: &amp;lt;div _ngcontent-ng-c200120771=&amp;quot;&amp;quot; formarrayname=&amp;quot;otp&amp;quot; class=&amp;quot;ng-invalid ng-touched ng-dirty&amp;quot;&amp;gt;...&amp;lt;/div&amp;gt;
  (Session info: chrome=149.0.7827.199)
Build info: version: &amp;apos;4.34.0&amp;apos;, revision: &amp;apos;707dcb4246*&amp;apos;
System info: os.name: &amp;apos;Windows 11&amp;apos;, os.arch: &amp;apos;amd64&amp;apos;, os.version: &amp;apos;10.0&amp;apos;, java.version: &amp;apos;17.0.12&amp;apos;
Driver info: org.openqa.selenium.chrome.ChromeDriver
Command: [748a3289151783b1d363c7327f1b35be, clickElement {id=f.96B777B1E9ABE1F4B98D14DEAD26031E.d.29EB1C9667ED310D9E9A0CD5E05A8B3A.e.65}]
Capabilities {acceptInsecureCerts: false, browserName: chrome, browserVersion: 149.0.7827.199, chrome: {chromedriverVersion: 149.0.7827.155 (07b52360cc1..., userDataDir: C:\Users\VIKRAM\AppData\Loc...}, fedcm:accounts: true, goog:chromeOptions: {debuggerAddress: localhost:50067}, goog:processID: 3828, networkConnectionEnabled: false, pageLoadStrategy: normal, platformName: windows, proxy: Proxy(), se:cdp: ws://localhost:50067/devtoo..., se:cdpVersion: 149.0.7827.199, setWindowRect: true, strictFileInteractability: false, timeouts: {implicit: 0, pageLoad: 300000, script: 30000}, unhandledPromptBehavior: dismiss and notify, webauthn:extension:credBlob: true, webauthn:extension:largeBlob: true, webauthn:extension:minPinLength: true, webauthn:extension:prf: true, webauthn:virtualAuthenticators: true}
Element: [[ChromeDriver: chrome on windows (748a3289151783b1d363c7327f1b35be)] -&amp;gt; xpath: //button[.=&amp;apos; Verify &amp;apos;]]
Session ID: 748a3289151783b1d363c7327f1b35be">
      <![CDATA[org.openqa.selenium.ElementClickInterceptedException: element click intercepted: Element <button _ngcontent-ng-c200120771="" type="button" class="btn text-white" disabled="">...</button> is not clickable at point (364, 580). Other element would receive the click: <div _ngcontent-ng-c200120771="" formarrayname="otp" class="ng-invalid ng-touched ng-dirty">...</div>
  (Session info: chrome=149.0.7827.199)
Build info: version: '4.34.0', revision: '707dcb4246*'
System info: os.name: 'Windows 11', os.arch: 'amd64', os.version: '10.0', java.version: '17.0.12'
Driver info: org.openqa.selenium.chrome.ChromeDriver
Command: [748a3289151783b1d363c7327f1b35be, clickElement {id=f.96B777B1E9ABE1F4B98D14DEAD26031E.d.29EB1C9667ED310D9E9A0CD5E05A8B3A.e.65}]
Capabilities {acceptInsecureCerts: false, browserName: chrome, browserVersion: 149.0.7827.199, chrome: {chromedriverVersion: 149.0.7827.155 (07b52360cc1..., userDataDir: C:\Users\VIKRAM\AppData\Loc...}, fedcm:accounts: true, goog:chromeOptions: {debuggerAddress: localhost:50067}, goog:processID: 3828, networkConnectionEnabled: false, pageLoadStrategy: normal, platformName: windows, proxy: Proxy(), se:cdp: ws://localhost:50067/devtoo..., se:cdpVersion: 149.0.7827.199, setWindowRect: true, strictFileInteractability: false, timeouts: {implicit: 0, pageLoad: 300000, script: 30000}, unhandledPromptBehavior: dismiss and notify, webauthn:extension:credBlob: true, webauthn:extension:largeBlob: true, webauthn:extension:minPinLength: true, webauthn:extension:prf: true, webauthn:virtualAuthenticators: true}
Element: [[ChromeDriver: chrome on windows (748a3289151783b1d363c7327f1b35be)] -> xpath: //button[.=' Verify ']]
Session ID: 748a3289151783b1d363c7327f1b35be
at org.openqa.selenium.remote.ErrorCodec.decode(ErrorCodec.java:167)
at org.openqa.selenium.remote.codec.w3c.W3CHttpResponseCodec.decode(W3CHttpResponseCodec.java:138)
at org.openqa.selenium.remote.codec.w3c.W3CHttpResponseCodec.decode(W3CHttpResponseCodec.java:50)
at org.openqa.selenium.remote.HttpCommandExecutor.execute(HttpCommandExecutor.java:215)
at org.openqa.selenium.remote.service.DriverCommandExecutor.invokeExecute(DriverCommandExecutor.java:216)
at org.openqa.selenium.remote.service.DriverCommandExecutor.execute(DriverCommandExecutor.java:174)
at org.openqa.selenium.remote.RemoteWebDriver.execute(RemoteWebDriver.java:544)
at org.openqa.selenium.remote.RemoteWebElement.execute(RemoteWebElement.java:223)
at org.openqa.selenium.remote.RemoteWebElement.click(RemoteWebElement.java:76)
at org.openqa.selenium.support.pagefactory.internal.LocatingElementHandler.invoke(LocatingElementHandler.java:51)
at jdk.proxy2/jdk.proxy2.$Proxy12.click(Unknown Source)
at doctorObjectRepository.VerifyCodePage.enteringOtpAndClickOnVerifyBtnNegative(VerifyCodePage.java:89)
at ophc.Sprint_2_Negative.registerPageNegativeTest(Sprint_2_Negative.java:93)
at java.base/java.util.ArrayList.forEach(ArrayList.java:1511)
at java.base/java.util.concurrent.FutureTask.run(FutureTask.java:264)
at java.base/java.util.concurrent.ThreadPoolExecutor.runWorker(ThreadPoolExecutor.java:1136)
at java.base/java.util.concurrent.ThreadPoolExecutor$Worker.run(ThreadPoolExecutor.java:635)
at java.base/java.lang.Thread.run(Thread.java:842)
... Removed 26 stack frames]]>
    </failure>
  </testcase> <!-- registerPageNegativeTest -->
</testsuite> <!-- Chrome Test -->
