<?xml version="1.0" encoding="UTF-8"?>
<!-- Generated by org.testng.reporters.JUnitXMLReporter -->
<testsuite ignored="0" hostname="Vicky" failures="1" tests="2" name="Test" time="117.226" errors="0" timestamp="2026-07-23T15:13:35 IST">
  <testcase classname="genericUtilities.PatientBaseClass" name="@AfterMethod logoutFromPatientApp" time="3.388">
    <failure type="org.openqa.selenium.ElementClickInterceptedException" message="element click intercepted: Element &amp;lt;img _ngcontent-ng-c3368939892=&amp;quot;&amp;quot; class=&amp;quot;profile-avatar&amp;quot; src=&amp;quot;profile-icon.svg&amp;quot;&amp;gt; is not clickable at point (1324, 36). Other element would receive the click: &amp;lt;div _ngcontent-ng-c3088559030=&amp;quot;&amp;quot; class=&amp;quot;modal-overlay ng-star-inserted&amp;quot;&amp;gt;...&amp;lt;/div&amp;gt;
  (Session info: chrome=150.0.7871.181)
Build info: version: &amp;apos;4.34.0&amp;apos;, revision: &amp;apos;707dcb4246*&amp;apos;
System info: os.name: &amp;apos;Windows 11&amp;apos;, os.arch: &amp;apos;amd64&amp;apos;, os.version: &amp;apos;10.0&amp;apos;, java.version: &amp;apos;17.0.12&amp;apos;
Driver info: org.openqa.selenium.chrome.ChromeDriver
Command: [26c6587450154a77b9bb06118c9b6287, clickElement {id=f.FF39B79DDD56F1A8EE3B5430FA802DFD.d.C641BEB0204DCBB091A2A5548F5907F9.e.128}]
Capabilities {acceptInsecureCerts: false, browserName: chrome, browserVersion: 150.0.7871.181, chrome: {chromedriverVersion: 150.0.7871.124 (9261fd0a595..., userDataDir: C:\Users\VIKRAM\AppData\Loc...}, fedcm:accounts: true, goog:chromeOptions: {debuggerAddress: localhost:59018}, goog:processID: 17564, networkConnectionEnabled: false, pageLoadStrategy: normal, platformName: windows, proxy: Proxy(), se:cdp: ws://localhost:59018/devtoo..., se:cdpVersion: 150.0.7871.181, setWindowRect: true, strictFileInteractability: false, timeouts: {implicit: 0, pageLoad: 300000, script: 30000}, unhandledPromptBehavior: dismiss and notify, webauthn:extension:credBlob: true, webauthn:extension:largeBlob: true, webauthn:extension:minPinLength: true, webauthn:extension:prf: true, webauthn:virtualAuthenticators: true}
Element: [[ChromeDriver: chrome on windows (26c6587450154a77b9bb06118c9b6287)] -&amp;gt; xpath: //img[@class=&amp;apos;profile-avatar&amp;apos;]]
Session ID: 26c6587450154a77b9bb06118c9b6287">
      <![CDATA[org.openqa.selenium.ElementClickInterceptedException: element click intercepted: Element <img _ngcontent-ng-c3368939892="" class="profile-avatar" src="profile-icon.svg"> is not clickable at point (1324, 36). Other element would receive the click: <div _ngcontent-ng-c3088559030="" class="modal-overlay ng-star-inserted">...</div>
  (Session info: chrome=150.0.7871.181)
Build info: version: '4.34.0', revision: '707dcb4246*'
System info: os.name: 'Windows 11', os.arch: 'amd64', os.version: '10.0', java.version: '17.0.12'
Driver info: org.openqa.selenium.chrome.ChromeDriver
Command: [26c6587450154a77b9bb06118c9b6287, clickElement {id=f.FF39B79DDD56F1A8EE3B5430FA802DFD.d.C641BEB0204DCBB091A2A5548F5907F9.e.128}]
Capabilities {acceptInsecureCerts: false, browserName: chrome, browserVersion: 150.0.7871.181, chrome: {chromedriverVersion: 150.0.7871.124 (9261fd0a595..., userDataDir: C:\Users\VIKRAM\AppData\Loc...}, fedcm:accounts: true, goog:chromeOptions: {debuggerAddress: localhost:59018}, goog:processID: 17564, networkConnectionEnabled: false, pageLoadStrategy: normal, platformName: windows, proxy: Proxy(), se:cdp: ws://localhost:59018/devtoo..., se:cdpVersion: 150.0.7871.181, setWindowRect: true, strictFileInteractability: false, timeouts: {implicit: 0, pageLoad: 300000, script: 30000}, unhandledPromptBehavior: dismiss and notify, webauthn:extension:credBlob: true, webauthn:extension:largeBlob: true, webauthn:extension:minPinLength: true, webauthn:extension:prf: true, webauthn:virtualAuthenticators: true}
Element: [[ChromeDriver: chrome on windows (26c6587450154a77b9bb06118c9b6287)] -> xpath: //img[@class='profile-avatar']]
Session ID: 26c6587450154a77b9bb06118c9b6287
at org.openqa.selenium.remote.ErrorCodec.decode(ErrorCodec.java:167)
at org.openqa.selenium.remote.codec.w3c.W3CHttpResponseCodec.decode(W3CHttpResponseCodec.java:138)
at org.openqa.selenium.remote.codec.w3c.W3CHttpResponseCodec.decode(W3CHttpResponseCodec.java:50)
at org.openqa.selenium.remote.HttpCommandExecutor.execute(HttpCommandExecutor.java:215)
at org.openqa.selenium.remote.service.DriverCommandExecutor.invokeExecute(DriverCommandExecutor.java:216)
at org.openqa.selenium.remote.service.DriverCommandExecutor.execute(DriverCommandExecutor.java:174)
at org.openqa.selenium.remote.RemoteWebDriver.execute(RemoteWebDriver.java:544)
at org.openqa.selenium.remote.RemoteWebElement.execute(RemoteWebElement.java:223)
at org.openqa.selenium.remote.RemoteWebElement.click(RemoteWebElement.java:76)
at org.openqa.selenium.support.pagefactory.internal.LocatingElementHandler.invoke(LocatingElementHandler.java:51)
at jdk.proxy2/jdk.proxy2.$Proxy17.click(Unknown Source)
at patientObjectRepository.PatientProfilePage.logoutPatient(PatientProfilePage.java:102)
at genericUtilities.PatientBaseClass.logoutFromPatientApp(PatientBaseClass.java:86)
at java.base/java.util.ArrayList.forEach(ArrayList.java:1511)
at java.base/java.util.concurrent.FutureTask.run(FutureTask.java:264)
at java.base/java.util.concurrent.ThreadPoolExecutor.runWorker(ThreadPoolExecutor.java:1136)
at java.base/java.util.concurrent.ThreadPoolExecutor$Worker.run(ThreadPoolExecutor.java:635)
at java.base/java.lang.Thread.run(Thread.java:842)
... Removed 30 stack frames]]>
    </failure>
  </testcase> <!-- @AfterMethod logoutFromPatientApp -->
  <testcase classname="all.DoctorAddingSlot" name="doctorAddingSlot" time="13.244"/>
  <testcase classname="all.PatientBookingSlot" name="PatientBookingSlotTest" time="69.155">
    <failure type="java.lang.IllegalArgumentException" message="Sheet not found : Sheet1">
      <![CDATA[java.lang.IllegalArgumentException: Sheet not found : Sheet1
at genericUtilities.ExcelFileUtility.getSheetOrThrow(ExcelFileUtility.java:57)
at genericUtilities.ExcelFileUtility.writeDataIntoExcel(ExcelFileUtility.java:115)
at genericUtilities.ExcelFileUtility.generateSampleMedicalReport(ExcelFileUtility.java:283)
at all.PatientBookingSlot.PatientBookingSlotTest(PatientBookingSlot.java:70)
at java.base/java.util.ArrayList.forEach(ArrayList.java:1511)
at java.base/java.util.concurrent.FutureTask.run(FutureTask.java:264)
at java.base/java.util.concurrent.ThreadPoolExecutor.runWorker(ThreadPoolExecutor.java:1136)
at java.base/java.util.concurrent.ThreadPoolExecutor$Worker.run(ThreadPoolExecutor.java:635)
at java.base/java.lang.Thread.run(Thread.java:842)
... Removed 17 stack frames]]>
    </failure>
  </testcase> <!-- PatientBookingSlotTest -->
</testsuite> <!-- Test -->
