<?xml version="1.0" encoding="UTF-8"?>
<!-- Generated by org.testng.reporters.JUnitXMLReporter -->
<testsuite ignored="0" hostname="DESKTOP-8GKM1UF" failures="1" tests="2" name="Test" time="109.728" errors="0" timestamp="2026-07-23T15:24:20 IST">
  <testcase classname="genericUtilities.PatientBaseClass" name="@AfterMethod logoutFromPatientApp" time="3.073">
    <failure type="org.openqa.selenium.ElementClickInterceptedException" message="element click intercepted: Element &amp;lt;img _ngcontent-ng-c3368939892=&amp;quot;&amp;quot; class=&amp;quot;profile-avatar&amp;quot; src=&amp;quot;profile-icon.svg&amp;quot;&amp;gt; is not clickable at point (1516, 36). Other element would receive the click: &amp;lt;iframe allowtransparency=&amp;quot;true&amp;quot; frameborder=&amp;quot;0&amp;quot; width=&amp;quot;100%&amp;quot; height=&amp;quot;100%&amp;quot; src=&amp;quot;https://api.razorpay.com/v1/checkout/public?traffic_env=production&amp;amp;amp;build=afa3662e035e66c495f2ddc21c6f030530870f53&amp;amp;amp;build_v1=da4ee3f43a28ad81dba8ed06daf899a4520c691f&amp;amp;amp;checkout_v2=1&amp;amp;amp;new_session=1&amp;amp;amp;rzp_device_id=1.1bb6d19770019cede6f5acb11fee63476946ca45.1784800382373.55576762&amp;amp;amp;unified_session_id=TGtwpyowmcMPxg&amp;quot; class=&amp;quot;razorpay-checkout-frame&amp;quot; allow=&amp;quot;otp-credentials; payment; clipboard-write; publickey-credentials-get https://api.razorpay.com; publickey-credentials-create &amp;apos;self&amp;apos; https://api.razorpay.com; web-share; camera *; local-network-access &amp;apos;none&amp;apos;; loopback-network &amp;apos;none&amp;apos;;&amp;quot; style=&amp;quot;opacity: 1; height: 100%; position: relative; background: none; display: block; border: 0px transparent; margin: 0px; padding: 0px; z-index: 2; width: 100%;&amp;quot; cd_frame_id_=&amp;quot;93c04c05d2e3b3d9f9b673dd2e0da304&amp;quot;&amp;gt;&amp;lt;/iframe&amp;gt;
  (Session info: chrome=150.0.7871.130)
Build info: version: &amp;apos;4.34.0&amp;apos;, revision: &amp;apos;707dcb4246*&amp;apos;
System info: os.name: &amp;apos;Windows 10&amp;apos;, os.arch: &amp;apos;amd64&amp;apos;, os.version: &amp;apos;10.0&amp;apos;, java.version: &amp;apos;21.0.11&amp;apos;
Driver info: org.openqa.selenium.chrome.ChromeDriver
Command: [981021b6b03af5a715008d56c683ae69, clickElement {id=f.F20104B3236C51087DBB8F9E26A1D84A.d.76210973ADC519F1CE5C549EF574A077.e.132}]
Capabilities {acceptInsecureCerts: false, browserName: chrome, browserVersion: 150.0.7871.130, chrome: {chromedriverVersion: 150.0.7871.124 (9261fd0a595..., userDataDir: C:\Users\INNOVA~1\AppData\L...}, fedcm:accounts: true, goog:chromeOptions: {debuggerAddress: localhost:51175}, goog:processID: 2600, networkConnectionEnabled: false, pageLoadStrategy: normal, platformName: windows, proxy: Proxy(), se:cdp: ws://localhost:51175/devtoo..., se:cdpVersion: 150.0.7871.130, setWindowRect: true, strictFileInteractability: false, timeouts: {implicit: 0, pageLoad: 300000, script: 30000}, unhandledPromptBehavior: dismiss and notify, webauthn:extension:credBlob: true, webauthn:extension:largeBlob: true, webauthn:extension:minPinLength: true, webauthn:extension:prf: true, webauthn:virtualAuthenticators: true}
Element: [[ChromeDriver: chrome on windows (981021b6b03af5a715008d56c683ae69)] -&amp;gt; xpath: //img[@class=&amp;apos;profile-avatar&amp;apos;]]
Session ID: 981021b6b03af5a715008d56c683ae69">
      <![CDATA[org.openqa.selenium.ElementClickInterceptedException: element click intercepted: Element <img _ngcontent-ng-c3368939892="" class="profile-avatar" src="profile-icon.svg"> is not clickable at point (1516, 36). Other element would receive the click: <iframe allowtransparency="true" frameborder="0" width="100%" height="100%" src="https://api.razorpay.com/v1/checkout/public?traffic_env=production&amp;build=afa3662e035e66c495f2ddc21c6f030530870f53&amp;build_v1=da4ee3f43a28ad81dba8ed06daf899a4520c691f&amp;checkout_v2=1&amp;new_session=1&amp;rzp_device_id=1.1bb6d19770019cede6f5acb11fee63476946ca45.1784800382373.55576762&amp;unified_session_id=TGtwpyowmcMPxg" class="razorpay-checkout-frame" allow="otp-credentials; payment; clipboard-write; publickey-credentials-get https://api.razorpay.com; publickey-credentials-create 'self' https://api.razorpay.com; web-share; camera *; local-network-access 'none'; loopback-network 'none';" style="opacity: 1; height: 100%; position: relative; background: none; display: block; border: 0px transparent; margin: 0px; padding: 0px; z-index: 2; width: 100%;" cd_frame_id_="93c04c05d2e3b3d9f9b673dd2e0da304"></iframe>
  (Session info: chrome=150.0.7871.130)
Build info: version: '4.34.0', revision: '707dcb4246*'
System info: os.name: 'Windows 10', os.arch: 'amd64', os.version: '10.0', java.version: '21.0.11'
Driver info: org.openqa.selenium.chrome.ChromeDriver
Command: [981021b6b03af5a715008d56c683ae69, clickElement {id=f.F20104B3236C51087DBB8F9E26A1D84A.d.76210973ADC519F1CE5C549EF574A077.e.132}]
Capabilities {acceptInsecureCerts: false, browserName: chrome, browserVersion: 150.0.7871.130, chrome: {chromedriverVersion: 150.0.7871.124 (9261fd0a595..., userDataDir: C:\Users\INNOVA~1\AppData\L...}, fedcm:accounts: true, goog:chromeOptions: {debuggerAddress: localhost:51175}, goog:processID: 2600, networkConnectionEnabled: false, pageLoadStrategy: normal, platformName: windows, proxy: Proxy(), se:cdp: ws://localhost:51175/devtoo..., se:cdpVersion: 150.0.7871.130, setWindowRect: true, strictFileInteractability: false, timeouts: {implicit: 0, pageLoad: 300000, script: 30000}, unhandledPromptBehavior: dismiss and notify, webauthn:extension:credBlob: true, webauthn:extension:largeBlob: true, webauthn:extension:minPinLength: true, webauthn:extension:prf: true, webauthn:virtualAuthenticators: true}
Element: [[ChromeDriver: chrome on windows (981021b6b03af5a715008d56c683ae69)] -> xpath: //img[@class='profile-avatar']]
Session ID: 981021b6b03af5a715008d56c683ae69
at org.openqa.selenium.remote.ErrorCodec.decode(ErrorCodec.java:167)
at org.openqa.selenium.remote.codec.w3c.W3CHttpResponseCodec.decode(W3CHttpResponseCodec.java:138)
at org.openqa.selenium.remote.codec.w3c.W3CHttpResponseCodec.decode(W3CHttpResponseCodec.java:50)
at org.openqa.selenium.remote.HttpCommandExecutor.execute(HttpCommandExecutor.java:215)
at org.openqa.selenium.remote.service.DriverCommandExecutor.invokeExecute(DriverCommandExecutor.java:216)
at org.openqa.selenium.remote.service.DriverCommandExecutor.execute(DriverCommandExecutor.java:174)
at org.openqa.selenium.remote.RemoteWebDriver.execute(RemoteWebDriver.java:544)
at org.openqa.selenium.remote.RemoteWebElement.execute(RemoteWebElement.java:223)
at org.openqa.selenium.remote.RemoteWebElement.click(RemoteWebElement.java:76)
at org.openqa.selenium.support.pagefactory.internal.LocatingElementHandler.invoke(LocatingElementHandler.java:51)
at jdk.proxy2/jdk.proxy2.$Proxy17.click(Unknown Source)
at patientObjectRepository.PatientProfilePage.logoutPatient(PatientProfilePage.java:102)
at genericUtilities.PatientBaseClass.logoutFromPatientApp(PatientBaseClass.java:86)
at java.base/java.util.ArrayList.forEach(ArrayList.java:1596)
at java.base/java.util.concurrent.FutureTask.run(FutureTask.java:317)
at java.base/java.util.concurrent.ThreadPoolExecutor.runWorker(ThreadPoolExecutor.java:1144)
at java.base/java.util.concurrent.ThreadPoolExecutor$Worker.run(ThreadPoolExecutor.java:642)
at java.base/java.lang.Thread.run(Thread.java:1583)
... Removed 25 stack frames]]>
    </failure>
  </testcase> <!-- @AfterMethod logoutFromPatientApp -->
  <testcase classname="all.DoctorAddingSlot" name="doctorAddingSlot" time="12.567"/>
  <testcase classname="all.PatientBookingSlot" name="PatientBookingSlotTest" time="63.827">
    <failure type="java.lang.IllegalArgumentException" message="Sheet not found : Sheet1">
      <![CDATA[java.lang.IllegalArgumentException: Sheet not found : Sheet1
at genericUtilities.ExcelFileUtility.getSheetOrThrow(ExcelFileUtility.java:57)
at genericUtilities.ExcelFileUtility.writeDataIntoExcel(ExcelFileUtility.java:115)
at genericUtilities.ExcelFileUtility.generateSampleMedicalReport(ExcelFileUtility.java:283)
at all.PatientBookingSlot.PatientBookingSlotTest(PatientBookingSlot.java:70)
at java.base/java.util.ArrayList.forEach(ArrayList.java:1596)
at java.base/java.util.concurrent.FutureTask.run(FutureTask.java:317)
at java.base/java.util.concurrent.ThreadPoolExecutor.runWorker(ThreadPoolExecutor.java:1144)
at java.base/java.util.concurrent.ThreadPoolExecutor$Worker.run(ThreadPoolExecutor.java:642)
at java.base/java.lang.Thread.run(Thread.java:1583)
... Removed 15 stack frames]]>
    </failure>
  </testcase> <!-- PatientBookingSlotTest -->
</testsuite> <!-- Test -->
