<?xml version="1.0" encoding="UTF-8"?>
<testng-results ignored="0" total="1" passed="1" failed="0" skipped="0">
  <reporter-output>
  </reporter-output>
  <suite started-at="2026-07-07T09:53:21 IST" name="Sprint_2" finished-at="2026-07-07T09:57:26 IST" duration-ms="244695">
    <groups>
    </groups>
    <test started-at="2026-07-07T09:53:21 IST" name="Test" finished-at="2026-07-07T09:57:26 IST" duration-ms="244695">
      <class name="ophc.Sprint_2_Negative">
        <test-method signature="registerPageNegativeTest()[pri:0, instance:ophc.Sprint_2_Negative@22555ebf]" started-at="2026-07-07T09:53:21 IST" name="registerPageNegativeTest" finished-at="2026-07-07T09:57:26 IST" duration-ms="244475" status="PASS">
          <reporter-output>
          </reporter-output>
        </test-method> <!-- registerPageNegativeTest -->
      </class> <!-- ophc.Sprint_2_Negative -->
    </test> <!-- Test -->
  </suite> <!-- Sprint_2 -->
</testng-results>
