<?xml version="1.0" encoding="UTF-8"?>
<testng-results ignored="0" total="1" passed="1" failed="0" skipped="0">
  <reporter-output>
  </reporter-output>
  <suite started-at="2026-07-06T11:34:03 IST" name="Default suite" finished-at="2026-07-06T11:37:23 IST" duration-ms="199745">
    <groups>
    </groups>
    <test started-at="2026-07-06T11:34:03 IST" name="Default test" finished-at="2026-07-06T11:37:23 IST" duration-ms="199745">
      <class name="ophc.Sprint_2_Negative">
        <test-method signature="registerPageNegativeTest()[pri:0, instance:ophc.Sprint_2_Negative@22ff4249]" started-at="2026-07-06T11:34:03 IST" name="registerPageNegativeTest" finished-at="2026-07-06T11:37:23 IST" duration-ms="199704" status="PASS">
          <reporter-output>
          </reporter-output>
        </test-method> <!-- registerPageNegativeTest -->
      </class> <!-- ophc.Sprint_2_Negative -->
    </test> <!-- Default test -->
  </suite> <!-- Default suite -->
</testng-results>
