<?xml version="1.0" encoding="UTF-8"?>
<testng-results ignored="0" total="1" passed="1" failed="0" skipped="0">
  <reporter-output>
  </reporter-output>
  <suite started-at="2026-07-21T18:24:00 IST" name="Default suite" finished-at="2026-07-21T18:25:28 IST" duration-ms="88186">
    <groups>
    </groups>
    <test started-at="2026-07-21T18:24:00 IST" name="Default test" finished-at="2026-07-21T18:25:28 IST" duration-ms="88186">
      <class name="all.PatientBookingSlot">
        <test-method is-config="true" signature="beforeSuite()[pri:0, instance:all.PatientBookingSlot@66d18979]" started-at="2026-07-21T18:24:00 IST" name="beforeSuite" finished-at="2026-07-21T18:24:00 IST" duration-ms="11" status="PASS">
          <reporter-output>
          </reporter-output>
        </test-method> <!-- beforeSuite -->
        <test-method is-config="true" signature="beforeClass()[pri:0, instance:all.PatientBookingSlot@66d18979]" started-at="2026-07-21T18:24:00 IST" name="beforeClass" finished-at="2026-07-21T18:24:02 IST" duration-ms="2139" status="PASS">
          <reporter-output>
          </reporter-output>
        </test-method> <!-- beforeClass -->
        <test-method is-config="true" signature="beforeMethod()[pri:0, instance:all.PatientBookingSlot@66d18979]" started-at="2026-07-21T18:24:02 IST" name="beforeMethod" finished-at="2026-07-21T18:24:13 IST" duration-ms="10816" status="PASS">
          <reporter-output>
          </reporter-output>
        </test-method> <!-- beforeMethod -->
        <test-method signature="PatientBookingSlotTest()[pri:2, instance:all.PatientBookingSlot@66d18979]" started-at="2026-07-21T18:24:13 IST" name="PatientBookingSlotTest" finished-at="2026-07-21T18:25:28 IST" duration-ms="75142" status="PASS">
          <reporter-output>
          </reporter-output>
        </test-method> <!-- PatientBookingSlotTest -->
        <test-method is-config="true" signature="afterSuite()[pri:0, instance:all.PatientBookingSlot@66d18979]" started-at="2026-07-21T18:25:28 IST" name="afterSuite" finished-at="2026-07-21T18:25:28 IST" duration-ms="0" status="PASS">
          <reporter-output>
          </reporter-output>
        </test-method> <!-- afterSuite -->
      </class> <!-- all.PatientBookingSlot -->
    </test> <!-- Default test -->
  </suite> <!-- Default suite -->
</testng-results>
