<?xml version="1.0" encoding="UTF-8"?>
<!-- Generated by org.testng.reporters.JUnitReportReporter -->
<testsuite hostname="Vicky" failures="0" tests="5" name="ophc.Sprint_1" time="323.354" errors="0" timestamp="2026-06-30T14:29:59 IST" skipped="0">
  <testcase classname="ophc.Sprint_1" name="DoctorRegistrationTest" time="187.469"/>
  <testcase classname="ophc.Sprint_1" name="LoginToAdminAndApproveNewlyAddedDoctorTest" time="35.475"/>
  <testcase classname="ophc.Sprint_1" name="rejectedDoctorReSubmitingDocumentsTest" time="67.952"/>
  <testcase classname="ophc.Sprint_1" name="AdminApprovingDoctorAfterReuploadingDocs" time="18.591"/>
  <testcase classname="ophc.Sprint_1" name="loginToDoctorPannelTest" time="13.867"/>
</testsuite> <!-- ophc.Sprint_1 -->
