<?xml version="1.0" encoding="UTF-8"?>
<!-- Generated by org.testng.reporters.JUnitReportReporter -->
<testsuite hostname="DESKTOP-8GKM1UF" failures="0" tests="2" name="all.PatientBookingSlot" time="77.219" errors="2" timestamp="2026-07-23T15:24:20 IST" skipped="0">
  <testcase classname="all.PatientBookingSlot" name="logoutFromPatientApp" time="13.392">
    <error message="element click intercepted: Element &lt;img _ngcontent-ng-c3368939892=&quot;&quot; class=&quot;profile-avatar&quot; src=&quot;profile-icon.svg&quot;&gt; is not clickable at point (1516, 36). Other element would receive the click: &lt;iframe allowtransparency=&quot;true&quot; frameborder=&quot;0&quot; width=&quot;100%&quot; height=&quot;100%&quot; src=&quot;https://api.razorpay.com/v1/checkout/public?traffic_env=production&amp;amp;build=afa3662e035e66c495f2ddc21c6f030530870f53&amp;amp;build_v1=da4ee3f43a28ad81dba8ed06daf899a4520c691f&amp;amp;checkout_v2=1&amp;amp;new_session=1&amp;amp;rzp_device_id=1.1bb6d19770019cede6f5acb11fee63476946ca45.1784800382373.55576762&amp;amp;unified_session_id=TGtwpyowmcMPxg&quot; class=&quot;razorpay-checkout-frame&quot; allow=&quot;otp-credentials; payment; clipboard-write; publickey-credentials-get https://api.razorpay.com; publickey-credentials-create &#039;self&#039; https://api.razorpay.com; web-share; camera *; local-network-access &#039;none&#039;; loopback-network &#039;none&#039;;&quot; style=&quot;opacity: 1; height: 100%; position: relative; background: none; display: block; border: 0px transparent; margin: 0px; padding: 0px; z-index: 2; width: 100%;&quot; cd_frame_id_=&quot;93c04c05d2e3b3d9f9b673dd2e0da304&quot;&gt;&lt;/iframe&gt;
  (Session info: chrome=150.0.7871.130)
Build info: version: &#039;4.34.0&#039;, revision: &#039;707dcb4246*&#039;
System info: os.name: &#039;Windows 10&#039;, os.arch: &#039;amd64&#039;, os.version: &#039;10.0&#039;, java.version: &#039;21.0.11&#039;
Driver info: org.openqa.selenium.chrome.ChromeDriver
Command: [981021b6b03af5a715008d56c683ae69, clickElement {id=f.F20104B3236C51087DBB8F9E26A1D84A.d.76210973ADC519F1CE5C549EF574A077.e.132}]
Capabilities {acceptInsecureCerts: false, browserName: chrome, browserVersion: 150.0.7871.130, chrome: {chromedriverVersion: 150.0.7871.124 (9261fd0a595..., userDataDir: C:\Users\INNOVA~1\AppData\L...}, fedcm:accounts: true, goog:chromeOptions: {debuggerAddress: localhost:51175}, goog:processID: 2600, networkConnectionEnabled: false, pageLoadStrategy: normal, platformName: windows, proxy: Proxy(), se:cdp: ws://localhost:51175/devtoo..., se:cdpVersion: 150.0.7871.130, setWindowRect: true, strictFileInteractability: false, timeouts: {implicit: 0, pageLoad: 300000, script: 30000}, unhandledPromptBehavior: dismiss and notify, webauthn:extension:credBlob: true, webauthn:extension:largeBlob: true, webauthn:extension:minPinLength: true, webauthn:extension:prf: true, webauthn:virtualAuthenticators: true}
Element: [[ChromeDriver: chrome on windows (981021b6b03af5a715008d56c683ae69)] -&gt; xpath: //img[@class=&#039;profile-avatar&#039;]]
Session ID: 981021b6b03af5a715008d56c683ae69" type="org.openqa.selenium.ElementClickInterceptedException">
      <![CDATA[org.openqa.selenium.ElementClickInterceptedException: element click intercepted: Element <img _ngcontent-ng-c3368939892="" class="profile-avatar" src="profile-icon.svg"> is not clickable at point (1516, 36). Other element would receive the click: <iframe allowtransparency="true" frameborder="0" width="100%" height="100%" src="https://api.razorpay.com/v1/checkout/public?traffic_env=production&amp;build=afa3662e035e66c495f2ddc21c6f030530870f53&amp;build_v1=da4ee3f43a28ad81dba8ed06daf899a4520c691f&amp;checkout_v2=1&amp;new_session=1&amp;rzp_device_id=1.1bb6d19770019cede6f5acb11fee63476946ca45.1784800382373.55576762&amp;unified_session_id=TGtwpyowmcMPxg" class="razorpay-checkout-frame" allow="otp-credentials; payment; clipboard-write; publickey-credentials-get https://api.razorpay.com; publickey-credentials-create 'self' https://api.razorpay.com; web-share; camera *; local-network-access 'none'; loopback-network 'none';" style="opacity: 1; height: 100%; position: relative; background: none; display: block; border: 0px transparent; margin: 0px; padding: 0px; z-index: 2; width: 100%;" cd_frame_id_="93c04c05d2e3b3d9f9b673dd2e0da304"></iframe>
  (Session info: chrome=150.0.7871.130)
Build info: version: '4.34.0', revision: '707dcb4246*'
System info: os.name: 'Windows 10', os.arch: 'amd64', os.version: '10.0', java.version: '21.0.11'
Driver info: org.openqa.selenium.chrome.ChromeDriver
Command: [981021b6b03af5a715008d56c683ae69, clickElement {id=f.F20104B3236C51087DBB8F9E26A1D84A.d.76210973ADC519F1CE5C549EF574A077.e.132}]
Capabilities {acceptInsecureCerts: false, browserName: chrome, browserVersion: 150.0.7871.130, chrome: {chromedriverVersion: 150.0.7871.124 (9261fd0a595..., userDataDir: C:\Users\INNOVA~1\AppData\L...}, fedcm:accounts: true, goog:chromeOptions: {debuggerAddress: localhost:51175}, goog:processID: 2600, networkConnectionEnabled: false, pageLoadStrategy: normal, platformName: windows, proxy: Proxy(), se:cdp: ws://localhost:51175/devtoo..., se:cdpVersion: 150.0.7871.130, setWindowRect: true, strictFileInteractability: false, timeouts: {implicit: 0, pageLoad: 300000, script: 30000}, unhandledPromptBehavior: dismiss and notify, webauthn:extension:credBlob: true, webauthn:extension:largeBlob: true, webauthn:extension:minPinLength: true, webauthn:extension:prf: true, webauthn:virtualAuthenticators: true}
Element: [[ChromeDriver: chrome on windows (981021b6b03af5a715008d56c683ae69)] -> xpath: //img[@class='profile-avatar']]
Session ID: 981021b6b03af5a715008d56c683ae69
at java.base/jdk.internal.reflect.DirectConstructorHandleAccessor.newInstance(DirectConstructorHandleAccessor.java:62)
at java.base/java.lang.reflect.Constructor.newInstanceWithCaller(Constructor.java:502)
at java.base/java.lang.reflect.Constructor.newInstance(Constructor.java:486)
at org.openqa.selenium.remote.ErrorCodec.decode(ErrorCodec.java:167)
at org.openqa.selenium.remote.codec.w3c.W3CHttpResponseCodec.decode(W3CHttpResponseCodec.java:138)
at org.openqa.selenium.remote.codec.w3c.W3CHttpResponseCodec.decode(W3CHttpResponseCodec.java:50)
at org.openqa.selenium.remote.HttpCommandExecutor.execute(HttpCommandExecutor.java:215)
at org.openqa.selenium.remote.service.DriverCommandExecutor.invokeExecute(DriverCommandExecutor.java:216)
at org.openqa.selenium.remote.service.DriverCommandExecutor.execute(DriverCommandExecutor.java:174)
at org.openqa.selenium.remote.RemoteWebDriver.execute(RemoteWebDriver.java:544)
at org.openqa.selenium.remote.RemoteWebElement.execute(RemoteWebElement.java:223)
at org.openqa.selenium.remote.RemoteWebElement.click(RemoteWebElement.java:76)
at java.base/jdk.internal.reflect.DirectMethodHandleAccessor.invoke(DirectMethodHandleAccessor.java:103)
at java.base/java.lang.reflect.Method.invoke(Method.java:580)
at org.openqa.selenium.support.pagefactory.internal.LocatingElementHandler.invoke(LocatingElementHandler.java:51)
at jdk.proxy2/jdk.proxy2.$Proxy17.click(Unknown Source)
at patientObjectRepository.PatientProfilePage.logoutPatient(PatientProfilePage.java:102)
at genericUtilities.PatientBaseClass.logoutFromPatientApp(PatientBaseClass.java:86)
at java.base/jdk.internal.reflect.DirectMethodHandleAccessor.invoke(DirectMethodHandleAccessor.java:103)
at java.base/java.lang.reflect.Method.invoke(Method.java:580)
at org.testng.internal.invokers.MethodInvocationHelper.invokeMethod(MethodInvocationHelper.java:139)
at org.testng.internal.invokers.MethodInvocationHelper.invokeMethodConsideringTimeout(MethodInvocationHelper.java:69)
at org.testng.internal.invokers.ConfigInvoker.invokeConfigurationMethod(ConfigInvoker.java:390)
at org.testng.internal.invokers.ConfigInvoker.invokeConfigurations(ConfigInvoker.java:325)
at org.testng.internal.invokers.TestInvoker.runConfigMethods(TestInvoker.java:810)
at org.testng.internal.invokers.TestInvoker.runAfterConfigurations(TestInvoker.java:779)
at org.testng.internal.invokers.TestInvoker.invokeMethod(TestInvoker.java:755)
at org.testng.internal.invokers.TestInvoker.invokeTestMethod(TestInvoker.java:227)
at org.testng.internal.invokers.MethodRunner.runInSequence(MethodRunner.java:50)
at org.testng.internal.invokers.TestInvoker$MethodInvocationAgent.invoke(TestInvoker.java:957)
at org.testng.internal.invokers.TestInvoker.invokeTestMethods(TestInvoker.java:200)
at org.testng.internal.invokers.TestMethodWorker.invokeTestMethods(TestMethodWorker.java:148)
at org.testng.internal.invokers.TestMethodWorker.run(TestMethodWorker.java:128)
at java.base/java.util.ArrayList.forEach(ArrayList.java:1596)
at org.testng.TestRunner.privateRun(TestRunner.java:848)
at org.testng.TestRunner.run(TestRunner.java:621)
at org.testng.SuiteRunner.runTest(SuiteRunner.java:443)
at org.testng.SuiteRunner$SuiteWorker.run(SuiteRunner.java:481)
at org.testng.internal.thread.ThreadUtil.lambda$execute$0(ThreadUtil.java:58)
at java.base/java.util.concurrent.FutureTask.run(FutureTask.java:317)
at java.base/java.util.concurrent.ThreadPoolExecutor.runWorker(ThreadPoolExecutor.java:1144)
at java.base/java.util.concurrent.ThreadPoolExecutor$Worker.run(ThreadPoolExecutor.java:642)
at java.base/java.lang.Thread.run(Thread.java:1583)
]]>
    </error>
  </testcase> <!-- logoutFromPatientApp -->
  <testcase classname="all.PatientBookingSlot" name="PatientBookingSlotTest" time="63.827">
    <error message="Sheet not found : Sheet1" type="java.lang.IllegalArgumentException">
      <![CDATA[java.lang.IllegalArgumentException: Sheet not found : Sheet1
at genericUtilities.ExcelFileUtility.getSheetOrThrow(ExcelFileUtility.java:57)
at genericUtilities.ExcelFileUtility.writeDataIntoExcel(ExcelFileUtility.java:115)
at genericUtilities.ExcelFileUtility.generateSampleMedicalReport(ExcelFileUtility.java:283)
at all.PatientBookingSlot.PatientBookingSlotTest(PatientBookingSlot.java:70)
at java.base/jdk.internal.reflect.DirectMethodHandleAccessor.invoke(DirectMethodHandleAccessor.java:103)
at java.base/java.lang.reflect.Method.invoke(Method.java:580)
at org.testng.internal.invokers.MethodInvocationHelper.invokeMethod(MethodInvocationHelper.java:139)
at org.testng.internal.invokers.TestInvoker.invokeMethod(TestInvoker.java:664)
at org.testng.internal.invokers.TestInvoker.invokeTestMethod(TestInvoker.java:227)
at org.testng.internal.invokers.MethodRunner.runInSequence(MethodRunner.java:50)
at org.testng.internal.invokers.TestInvoker$MethodInvocationAgent.invoke(TestInvoker.java:957)
at org.testng.internal.invokers.TestInvoker.invokeTestMethods(TestInvoker.java:200)
at org.testng.internal.invokers.TestMethodWorker.invokeTestMethods(TestMethodWorker.java:148)
at org.testng.internal.invokers.TestMethodWorker.run(TestMethodWorker.java:128)
at java.base/java.util.ArrayList.forEach(ArrayList.java:1596)
at org.testng.TestRunner.privateRun(TestRunner.java:848)
at org.testng.TestRunner.run(TestRunner.java:621)
at org.testng.SuiteRunner.runTest(SuiteRunner.java:443)
at org.testng.SuiteRunner$SuiteWorker.run(SuiteRunner.java:481)
at org.testng.internal.thread.ThreadUtil.lambda$execute$0(ThreadUtil.java:58)
at java.base/java.util.concurrent.FutureTask.run(FutureTask.java:317)
at java.base/java.util.concurrent.ThreadPoolExecutor.runWorker(ThreadPoolExecutor.java:1144)
at java.base/java.util.concurrent.ThreadPoolExecutor$Worker.run(ThreadPoolExecutor.java:642)
at java.base/java.lang.Thread.run(Thread.java:1583)
]]>
    </error>
  </testcase> <!-- PatientBookingSlotTest -->
</testsuite> <!-- all.PatientBookingSlot -->
