<?xml version="1.0" encoding="UTF-8"?>
<!-- Generated by org.testng.reporters.JUnitReportReporter -->
<testsuite hostname="DESKTOP-8GKM1UF" failures="0" tests="5" name="ophc.Sprint_1_Positive" time="306.508" errors="0" timestamp="2026-07-04T14:13:32 IST" skipped="0">
  <testcase classname="ophc.Sprint_1_Positive" name="DoctorRegistrationTest" time="173.176"/>
  <testcase classname="ophc.Sprint_1_Positive" name="LoginToAdminAndApproveNewlyAddedDoctorTest" time="34.604"/>
  <testcase classname="ophc.Sprint_1_Positive" name="rejectedDoctorReSubmitingDocumentsTest" time="67.367"/>
  <testcase classname="ophc.Sprint_1_Positive" name="AdminApprovingDoctorAfterReuploadingDocs" time="18.788"/>
  <testcase classname="ophc.Sprint_1_Positive" name="loginToDoctorPannelTest" time="12.573"/>
</testsuite> <!-- ophc.Sprint_1_Positive -->
