<?xml version="1.0" encoding="UTF-8"?>
<!-- Generated by org.testng.reporters.JUnitXMLReporter -->
<testsuite ignored="0" hostname="DESKTOP-8GKM1UF" failures="0" tests="5" name="Test" time="316.366" errors="0" timestamp="2026-07-01T11:00:21 IST">
  <testcase classname="ophc.Sprint_1" name="DoctorRegistrationTest" time="181.12"/>
  <testcase classname="ophc.Sprint_1" name="LoginToAdminAndApproveNewlyAddedDoctorTest" time="34.473"/>
  <testcase classname="ophc.Sprint_1" name="rejectedDoctorReSubmitingDocumentsTest" time="68.339"/>
  <testcase classname="ophc.Sprint_1" name="AdminApprovingDoctorAfterReuploadingDocs" time="18.259"/>
  <testcase classname="ophc.Sprint_1" name="loginToDoctorPannelTest" time="13.931"/>
</testsuite> <!-- Test -->
